<?xml version="1.0" encoding="UTF-8"?>
<!-- Generated by org.testng.reporters.JUnitReportReporter -->
<testsuite hostname="BINTERNS-QA8L" failures="0" tests="3" name="annotations.test1" time="0.018" errors="0" timestamp="2023-03-07T16:09:17 IST" skipped="0">
  <testcase classname="annotations.test1" name="Search" time="0.011"/>
  <system-out/>
  <testcase classname="annotations.test1" name="Logim" time="0.006"/>
  <system-out/>
  <testcase classname="annotations.test1" name="AdvanceSearch" time="0.001"/>
  <system-out/>
</testsuite> <!-- annotations.test1 -->
