<?xml version="1.0" encoding="UTF-8"?>
<!-- Generated by org.testng.reporters.JUnitReportReporter -->
<testsuite hostname="BINTERNS-QA8L" failures="0" tests="2" name="Grouping.group1" time="0.008" errors="0" timestamp="2023-03-06T15:31:28 IST" skipped="0">
  <testcase classname="Grouping.group1" name="loginbyTwitter" time="0.007"/>
  <system-out/>
  <testcase classname="Grouping.group1" name="loginbyInsatgram" time="0.001"/>
  <system-out/>
</testsuite> <!-- Grouping.group1 -->
